<?xml version="1.0" encoding="UTF-8"?>
<testng-results ignored="0" total="1" passed="1" failed="0" skipped="0">
  <reporter-output>
    <line>
      <![CDATA[Open the browser:chrome]]>
    </line>
    <line>
      <![CDATA[Enter the URL:https://demo.actitime.com]]>
    </line>
    <line>
      <![CDATA[Maximize the browser]]>
    </line>
    <line>
      <![CDATA[Set the TimeOut:5]]>
    </line>
    <line>
      <![CDATA[Err Msg is Displayed]]>
    </line>
    <line>
      <![CDATA[Close the browser]]>
    </line>
  </reporter-output>
  <suite started-at="2023-02-16T08:15:05 IST" name="Default suite" finished-at="2023-02-16T08:15:20 IST" duration-ms="15247">
    <groups>
    </groups>
    <test started-at="2023-02-16T08:15:05 IST" name="Default test" finished-at="2023-02-16T08:15:20 IST" duration-ms="15247">
      <class name="scripts.InvalidLogin">
        <test-method is-config="true" signature="openApp(java.lang.String,java.lang.String,java.lang.String)[pri:0, instance:scripts.InvalidLogin@595b007d]" started-at="2023-02-16T08:15:05 IST" name="openApp" finished-at="2023-02-16T08:15:16 IST" duration-ms="11728" status="PASS">
          <params>
            <param index="0">
              <value>
                <![CDATA[chrome]]>
              </value>
            </param>
            <param index="1">
              <value>
                <![CDATA[https://demo.actitime.com]]>
              </value>
            </param>
            <param index="2">
              <value>
                <![CDATA[5]]>
              </value>
            </param>
          </params>
          <reporter-output>
            <line>
              <![CDATA[Open the browser:chrome]]>
            </line>
            <line>
              <![CDATA[Enter the URL:https://demo.actitime.com]]>
            </line>
            <line>
              <![CDATA[Maximize the browser]]>
            </line>
            <line>
              <![CDATA[Set the TimeOut:5]]>
            </line>
          </reporter-output>
        </test-method> <!-- openApp -->
        <test-method signature="testInvalidLogin()[pri:2, instance:scripts.InvalidLogin@595b007d]" started-at="2023-02-16T08:15:16 IST" name="testInvalidLogin" finished-at="2023-02-16T08:15:19 IST" duration-ms="2998" status="PASS">
          <reporter-output>
            <line>
              <![CDATA[Err Msg is Displayed]]>
            </line>
          </reporter-output>
        </test-method> <!-- testInvalidLogin -->
        <test-method is-config="true" signature="closeApp()[pri:0, instance:scripts.InvalidLogin@595b007d]" started-at="2023-02-16T08:15:19 IST" name="closeApp" finished-at="2023-02-16T08:15:20 IST" duration-ms="454" status="PASS">
          <reporter-output>
            <line>
              <![CDATA[Close the browser]]>
            </line>
          </reporter-output>
        </test-method> <!-- closeApp -->
      </class> <!-- scripts.InvalidLogin -->
    </test> <!-- Default test -->
  </suite> <!-- Default suite -->
</testng-results>
